c:\users\szymo\documents\development\programming\flappy-bird-machine-learning\flappybird\debug\vc143.pdb
c:\users\szymo\documents\development\programming\flappy-bird-machine-learning\flappybird\debug\vc143.idb
c:\users\szymo\documents\development\programming\flappy-bird-machine-learning\flappybird\debug\statemachine.obj
c:\users\szymo\documents\development\programming\flappy-bird-machine-learning\flappybird\debug\state.obj
c:\users\szymo\documents\development\programming\flappy-bird-machine-learning\flappybird\debug\splashstate.obj
c:\users\szymo\documents\development\programming\flappy-bird-machine-learning\flappybird\debug\pipe.obj
c:\users\szymo\documents\development\programming\flappy-bird-machine-learning\flappybird\debug\node.obj
c:\users\szymo\documents\development\programming\flappy-bird-machine-learning\flappybird\debug\mainmenustate.obj
c:\users\szymo\documents\development\programming\flappy-bird-machine-learning\flappybird\debug\main.obj
c:\users\szymo\documents\development\programming\flappy-bird-machine-learning\flappybird\debug\land.obj
c:\users\szymo\documents\development\programming\flappy-bird-machine-learning\flappybird\debug\inputmanager.obj
c:\users\szymo\documents\development\programming\flappy-bird-machine-learning\flappybird\debug\hud.obj
c:\users\szymo\documents\development\programming\flappy-bird-machine-learning\flappybird\debug\gamestate.obj
c:\users\szymo\documents\development\programming\flappy-bird-machine-learning\flappybird\debug\gameoverstate.obj
c:\users\szymo\documents\development\programming\flappy-bird-machine-learning\flappybird\debug\game.obj
c:\users\szymo\documents\development\programming\flappy-bird-machine-learning\flappybird\debug\flash.obj
c:\users\szymo\documents\development\programming\flappy-bird-machine-learning\flappybird\debug\collision.obj
c:\users\szymo\documents\development\programming\flappy-bird-machine-learning\flappybird\debug\bird.obj
c:\users\szymo\documents\development\programming\flappy-bird-machine-learning\flappybird\debug\assetmanager.obj
c:\users\szymo\documents\development\programming\flappy-bird-machine-learning\flappybird\debug\aicontroller.obj
c:\users\szymo\documents\development\programming\flappy-bird-machine-learning\debug\flappybird.exe
c:\users\szymo\documents\development\programming\flappy-bird-machine-learning\flappybird\debug\flappybird.ilk
c:\users\szymo\documents\development\programming\flappy-bird-machine-learning\debug\flappybird.pdb
c:\users\szymo\documents\development\programming\flappy-bird-machine-learning\flappybird\debug\flappybird.tlog\cl.command.1.tlog
c:\users\szymo\documents\development\programming\flappy-bird-machine-learning\flappybird\debug\flappybird.tlog\cl.read.1.tlog
c:\users\szymo\documents\development\programming\flappy-bird-machine-learning\flappybird\debug\flappybird.tlog\cl.write.1.tlog
c:\users\szymo\documents\development\programming\flappy-bird-machine-learning\flappybird\debug\flappybird.tlog\link.command.1.tlog
c:\users\szymo\documents\development\programming\flappy-bird-machine-learning\flappybird\debug\flappybird.tlog\link.read.1.tlog
c:\users\szymo\documents\development\programming\flappy-bird-machine-learning\flappybird\debug\flappybird.tlog\link.write.1.tlog
