  AIController.cpp
  AssetManager.cpp
  Bird.cpp
C:\Users\szymo\Documents\Development\Programming\Flappy-Bird-Machine-Learning\FlappyBird\Bird.cpp(170,21): warning C4018: '<': signed/unsigned mismatch
C:\Users\szymo\Documents\Development\Programming\Flappy-Bird-Machine-Learning\FlappyBird\Bird.cpp(184,23): warning C4018: '<': signed/unsigned mismatch
C:\Users\szymo\Documents\Development\Programming\Flappy-Bird-Machine-Learning\FlappyBird\Bird.cpp(192,22): warning C4018: '<': signed/unsigned mismatch
C:\Users\szymo\Documents\Development\Programming\Flappy-Bird-Machine-Learning\FlappyBird\Bird.cpp(212,21): warning C4018: '<': signed/unsigned mismatch
C:\Users\szymo\Documents\Development\Programming\Flappy-Bird-Machine-Learning\FlappyBird\Bird.cpp(230,23): warning C4018: '<': signed/unsigned mismatch
C:\Users\szymo\Documents\Development\Programming\Flappy-Bird-Machine-Learning\FlappyBird\Bird.cpp(238,22): warning C4018: '<': signed/unsigned mismatch
  Collision.cpp
  Flash.cpp
  Game.cpp
  GameOverState.cpp
  GameState.cpp
C:\Users\szymo\Documents\Development\Programming\Flappy-Bird-Machine-Learning\FlappyBird\GameState.cpp(342,21): warning C4018: '<': signed/unsigned mismatch
C:\Users\szymo\Documents\Development\Programming\Flappy-Bird-Machine-Learning\FlappyBird\GameState.cpp(347,22): warning C4018: '<': signed/unsigned mismatch
C:\Users\szymo\Documents\Development\Programming\Flappy-Bird-Machine-Learning\FlappyBird\GameState.cpp(354,24): warning C4018: '<': signed/unsigned mismatch
C:\Users\szymo\Documents\Development\Programming\Flappy-Bird-Machine-Learning\FlappyBird\GameState.cpp(368,24): warning C4018: '<': signed/unsigned mismatch
C:\Users\szymo\Documents\Development\Programming\Flappy-Bird-Machine-Learning\FlappyBird\GameState.cpp(423,38): warning C4244: 'argument': conversion from 'int' to 'float', possible loss of data
C:\Users\szymo\Documents\Development\Programming\Flappy-Bird-Machine-Learning\FlappyBird\GameState.cpp(455,51): warning C4244: 'argument': conversion from 'int' to 'float', possible loss of data
C:\Users\szymo\Documents\Development\Programming\Flappy-Bird-Machine-Learning\FlappyBird\GameState.cpp(455,43): warning C4244: 'argument': conversion from 'int' to 'float', possible loss of data
  HUD.cpp
  InputManager.cpp
  Land.cpp
  main.cpp
  MainMenuState.cpp
  Node.cpp
  Pipe.cpp
  SplashState.cpp
  State.cpp
  StateMachine.cpp
  Generating code
  Previous IPDB was built with incompatible compiler, fall back to full compilation.
  All 2345 functions were compiled because no usable IPDB/IOBJ from previous compilation was found.
  Finished generating code
  FlappyBird.vcxproj -> C:\Users\szymo\Documents\Development\Programming\Flappy-Bird-Machine-Learning\Release\FlappyBird.exe
